<?xml version="1.0" encoding="UTF-8"?>
<!-- Generated by org.testng.reporters.JUnitReportReporter -->
<testsuite hostname="DESKTOP-0NGHC4B" failures="0" tests="3" name="TestngBasics.DemoTest5" time="0.027" errors="0" timestamp="2024-08-28T08:03:12 IST" skipped="0">
  <testcase classname="TestngBasics.DemoTest5" name="parent" time="0.020"/>
  <system-out>
    <![CDATA[parent method]]>
  </system-out>
  <testcase classname="TestngBasics.DemoTest5" name="elderchild" time="0.005"/>
  <system-out>
    <![CDATA[elderchild method]]>
  </system-out>
  <testcase classname="TestngBasics.DemoTest5" name="youngerchild" time="0.002"/>
  <system-out>
    <![CDATA[younger method]]>
  </system-out>
</testsuite> <!-- TestngBasics.DemoTest5 -->
