<?xml version="1.0" encoding="UTF-8"?>
<!-- Generated by org.testng.reporters.JUnitReportReporter -->
<testsuite hostname="DESKTOP-0NGHC4B" failures="0" tests="1" name="TestNgAssertion.Asssertion_SoftAssert" time="0.065" errors="0" timestamp="2024-09-02T08:55:54 IST" skipped="0">
  <testcase classname="TestNgAssertion.Asssertion_SoftAssert" name="DemoTest" time="0.065"/>
  <system-out/>
</testsuite> <!-- TestNgAssertion.Asssertion_SoftAssert -->
