<?xml version="1.0" encoding="UTF-8"?>
<!-- Generated by org.testng.reporters.JUnitReportReporter -->
<testsuite hostname="DESKTOP-0NGHC4B" failures="0" tests="3" name="TestngBasics.DemoTest6" time="0.024" errors="0" timestamp="2024-08-28T08:07:34 IST" skipped="1">
  <testcase classname="TestngBasics.DemoTest6" name="parent" time="0.020"/>
  <system-out>
    <![CDATA[parent method]]>
  </system-out>
  <testcase classname="TestngBasics.DemoTest6" name="elderchild" time="0.004"/>
  <system-out>
    <![CDATA[elderchild method]]>
  </system-out>
  <testcase classname="TestngBasics.DemoTest6" name="youngerchild">
    <skipped/>
  </testcase> <!-- youngerchild -->
  <system-out/>
</testsuite> <!-- TestngBasics.DemoTest6 -->
