<?xml version="1.0" encoding="UTF-8"?>
<!-- Generated by org.testng.reporters.JUnitReportReporter -->
<testsuite hostname="DESKTOP-0NGHC4B" failures="0" tests="1" name="Exam.Test2" time="0.128" errors="0" timestamp="2024-09-09T11:57:40 IST" skipped="0">
  <testcase classname="Exam.Test2" name="WEposition" time="0.128"/>
  <system-out/>
</testsuite> <!-- Exam.Test2 -->
