<?xml version="1.0" encoding="UTF-8"?>
<!-- Generated by org.testng.reporters.JUnitReportReporter -->
<testsuite hostname="DESKTOP-0NGHC4B" failures="0" tests="1" name="TestngBasics.Testing" time="0.067" errors="0" timestamp="2024-08-23T09:22:33 IST" skipped="0">
  <testcase classname="TestngBasics.Testing" name="Demo" time="0.067"/>
  <system-out/>
</testsuite> <!-- TestngBasics.Testing -->
