<?xml version="1.0" encoding="UTF-8"?>
<!-- Generated by org.testng.reporters.JUnitReportReporter -->
<testsuite hostname="DESKTOP-0NGHC4B" failures="0" tests="1" name="Exam.Test9" time="0.347" errors="0" timestamp="2024-09-09T12:04:40 IST" skipped="0">
  <testcase classname="Exam.Test9" name="WEtextboxValue" time="0.347"/>
  <system-out/>
</testsuite> <!-- Exam.Test9 -->
