<?xml version="1.0" encoding="UTF-8"?>
<!-- Generated by org.testng.reporters.JUnitReportReporter -->
<testsuite hostname="DESKTOP-0NGHC4B" failures="0" tests="1" name="TestngBatchExecution.Test1" time="0.021" errors="0" timestamp="2024-10-23T08:22:24 IST" skipped="0">
  <testcase classname="TestngBatchExecution.Test1" name="addproduct" time="0.021"/>
  <system-out>
    <![CDATA[Product Added Success--Test--1]]>
  </system-out>
</testsuite> <!-- TestngBatchExecution.Test1 -->
