<?xml version="1.0" encoding="UTF-8"?>
<!-- Generated by org.testng.reporters.JUnitReportReporter -->
<testsuite hostname="DESKTOP-0NGHC4B" failures="0" tests="1" name="TestNgAssertion.Asssertion_HardAssert" time="0.037" errors="0" timestamp="2024-09-05T09:12:14 IST" skipped="0">
  <testcase classname="TestNgAssertion.Asssertion_HardAssert" name="DemoTest" time="0.037"/>
  <system-out>
    <![CDATA[Demo test failed
Demo test completed]]>
  </system-out>
</testsuite> <!-- TestNgAssertion.Asssertion_HardAssert -->
