<?xml version="1.0" encoding="UTF-8"?>
<!-- Generated by org.testng.reporters.JUnitReportReporter -->
<testsuite hostname="DESKTOP-0NGHC4B" failures="0" tests="3" name="TestngBasics.DemoTesting" time="0.042" errors="0" timestamp="2024-08-27T08:30:35 IST" skipped="0">
  <testcase classname="TestngBasics.DemoTesting" name="demoTest3" time="0.010"/>
  <system-out>
    <![CDATA[Executed DemoTest 3 method---->Pass]]>
  </system-out>
  <testcase classname="TestngBasics.DemoTesting" name="demoTest2" time="0.004"/>
  <system-out>
    <![CDATA[Executed DemoTest 2 method---->Pass]]>
  </system-out>
  <testcase classname="TestngBasics.DemoTesting" name="demoTest1" time="0.028"/>
  <system-out>
    <![CDATA[Executed DemoTest 1 method---->Pass
Executed DemoTest 2 method---->Pass
Executed DemoTest 3 method---->Pass]]>
  </system-out>
</testsuite> <!-- TestngBasics.DemoTesting -->
