<?xml version="1.0" encoding="UTF-8"?>
<!-- Generated by org.testng.reporters.JUnitReportReporter -->
<testsuite hostname="DESKTOP-0NGHC4B" failures="0" tests="10" name="TestngBasics.DemoTest7" time="0.390" errors="0" timestamp="2024-08-29T09:00:03 IST" skipped="0">
  <testcase classname="TestngBasics.DemoTest7" name="parent" time="0.022"/>
  <system-out>
    <![CDATA[parent method]]>
  </system-out>
  <testcase classname="TestngBasics.DemoTest7" name="parent" time="0.037"/>
  <system-out>
    <![CDATA[parent method]]>
  </system-out>
  <testcase classname="TestngBasics.DemoTest7" name="parent" time="0.031"/>
  <system-out>
    <![CDATA[parent method]]>
  </system-out>
  <testcase classname="TestngBasics.DemoTest7" name="parent" time="0.008"/>
  <system-out>
    <![CDATA[parent method]]>
  </system-out>
  <testcase classname="TestngBasics.DemoTest7" name="parent" time="0.005"/>
  <system-out>
    <![CDATA[parent method]]>
  </system-out>
  <testcase classname="TestngBasics.DemoTest7" name="parent" time="0.032"/>
  <system-out>
    <![CDATA[parent method]]>
  </system-out>
  <testcase classname="TestngBasics.DemoTest7" name="parent" time="0.014"/>
  <system-out>
    <![CDATA[parent method]]>
  </system-out>
  <testcase classname="TestngBasics.DemoTest7" name="parent" time="0.121"/>
  <system-out>
    <![CDATA[parent method]]>
  </system-out>
  <testcase classname="TestngBasics.DemoTest7" name="parent" time="0.096"/>
  <system-out>
    <![CDATA[parent method]]>
  </system-out>
  <testcase classname="TestngBasics.DemoTest7" name="parent" time="0.024"/>
  <system-out>
    <![CDATA[parent method]]>
  </system-out>
</testsuite> <!-- TestngBasics.DemoTest7 -->
