<?xml version="1.0" encoding="UTF-8"?>
<!-- Generated by org.testng.reporters.JUnitReportReporter -->
<testsuite hostname="DESKTOP-0NGHC4B" failures="0" tests="3" name="TestNgDataProvider.Test1" time="0.023" errors="0" timestamp="2024-09-08T23:10:02 IST" skipped="0">
  <testcase classname="TestNgDataProvider.Test1" name="DemoTest" time="0.001"/>
  <system-out/>
  <testcase classname="TestNgDataProvider.Test1" name="DemoTest" time="0.020"/>
  <system-out/>
  <testcase classname="TestNgDataProvider.Test1" name="DemoTest" time="0.002"/>
  <system-out/>
</testsuite> <!-- TestNgDataProvider.Test1 -->
