<?xml version="1.0" encoding="UTF-8"?>
<!-- Generated by org.testng.reporters.JUnitReportReporter -->
<testsuite hostname="DESKTOP-0NGHC4B" failures="0" tests="1" name="TestngBasics.DemoTest3" time="0.040" errors="0" timestamp="2024-08-28T07:23:19 IST" skipped="0">
  <testcase classname="TestngBasics.DemoTest3" name="demoTest1" time="0.040"/>
  <system-out>
    <![CDATA[Executed DemoTest 1 method---->Pass
Executed DemoTest 2 method---->Pass
Executed DemoTest 3 method---->Pass
Executed DemoTest 4 method---->Pass
Executed DemoTest 5 method---->Pass
Executed DemoTest 6 method---->Pass
Executed DemoTest 7 method---->Pass]]>
  </system-out>
</testsuite> <!-- TestngBasics.DemoTest3 -->
