<?xml version="1.0" encoding="UTF-8"?>
<!-- Generated by org.testng.reporters.JUnitReportReporter -->
<testsuite hostname="DESKTOP-0NGHC4B" failures="0" tests="1" name="TestNgReadPropertyFile.ReadPropertyFile" time="0.067" errors="0" timestamp="2024-09-08T23:04:40 IST" skipped="0">
  <testcase classname="TestNgReadPropertyFile.ReadPropertyFile" name="DemoTest" time="0.067"/>
  <system-out/>
</testsuite> <!-- TestNgReadPropertyFile.ReadPropertyFile -->
