<?xml version="1.0" encoding="UTF-8"?>
<!-- Generated by org.testng.reporters.JUnitReportReporter -->
<testsuite hostname="DESKTOP-0NGHC4B" failures="0" tests="1" name="Exam.Test4" time="0.419" errors="0" timestamp="2024-09-09T11:57:40 IST" skipped="0">
  <testcase classname="Exam.Test4" name="WEtextboxValue" time="0.419"/>
  <system-out/>
</testsuite> <!-- Exam.Test4 -->
