<?xml version="1.0" encoding="UTF-8"?>
<!-- Generated by org.testng.reporters.JUnitReportReporter -->
<testsuite hostname="DESKTOP-0NGHC4B" failures="0" tests="1" name="TestngBatchExecution.Test5" time="2.005" errors="0" timestamp="2024-09-09T00:36:21 IST" skipped="0">
  <testcase classname="TestngBatchExecution.Test5" name="Removeproduct" time="2.005"/>
  <system-out>
    <![CDATA[ Test 5-Product Removed Success]]>
  </system-out>
</testsuite> <!-- TestngBatchExecution.Test5 -->
