<?xml version="1.0" encoding="UTF-8"?>
<!-- Generated by org.testng.reporters.JUnitReportReporter -->
<testsuite hostname="DESKTOP-0NGHC4B" failures="0" tests="5" name="TestngBasics.Demo4" time="0.053" errors="0" timestamp="2024-08-28T07:32:57 IST" skipped="0">
  <testcase classname="TestngBasics.Demo4" name="elephant" time="0.030"/>
  <system-out>
    <![CDATA[elephant is coming]]>
  </system-out>
  <testcase classname="TestngBasics.Demo4" name="cat" time="0.003"/>
  <system-out>
    <![CDATA[cat is coming]]>
  </system-out>
  <testcase classname="TestngBasics.Demo4" name="dog" time="0.017"/>
  <system-out>
    <![CDATA[dog is coming]]>
  </system-out>
  <testcase classname="TestngBasics.Demo4" name="deer" time="0.001"/>
  <system-out>
    <![CDATA[deer is coming]]>
  </system-out>
  <testcase classname="TestngBasics.Demo4" name="monkey" time="0.002"/>
  <system-out>
    <![CDATA[monkey is coming]]>
  </system-out>
</testsuite> <!-- TestngBasics.Demo4 -->
