<?xml version="1.0" encoding="UTF-8"?>
<!-- Generated by org.testng.reporters.JUnitReportReporter -->
<testsuite hostname="DESKTOP-0NGHC4B" failures="0" tests="1" name="Exam.Test6" time="1.956" errors="0" timestamp="2024-09-09T11:57:40 IST" skipped="0">
  <testcase classname="Exam.Test6" name="AllLinks" time="1.956"/>
  <system-out/>
</testsuite> <!-- Exam.Test6 -->
